160105 12:30:48  InnoDB: Database was not shut down normally!
InnoDB: Starting crash recovery.
InnoDB: Reading tablespace information from the .ibd files...
InnoDB: Restoring possible half-written data pages from the doublewrite
InnoDB: buffer...
160105 12:30:48  InnoDB: Starting log scan based on checkpoint at
InnoDB: log sequence number 0 43655.
InnoDB: Doing recovery: scanned up to log sequence number 0 43655
160105 12:30:48  InnoDB: Started; log sequence number 0 43655
160105 12:30:48 [Note] mysqld-nt.exe: ready for connections.
Version: '5.0.41-community-nt'  socket: ''  port: 3306  MySQL Community Edition (GPL)
160105 18:45:15  InnoDB: Database was not shut down normally!
InnoDB: Starting crash recovery.
InnoDB: Reading tablespace information from the .ibd files...
InnoDB: Restoring possible half-written data pages from the doublewrite
InnoDB: buffer...
160105 18:45:15  InnoDB: Starting log scan based on checkpoint at
InnoDB: log sequence number 0 43655.
InnoDB: Doing recovery: scanned up to log sequence number 0 43655
160105 18:45:15  InnoDB: Started; log sequence number 0 43655
160105 18:45:15 [Note] mysqld-nt.exe: ready for connections.
Version: '5.0.41-community-nt'  socket: ''  port: 3306  MySQL Community Edition (GPL)
160105 19:09:33  InnoDB: Database was not shut down normally!
InnoDB: Starting crash recovery.
InnoDB: Reading tablespace information from the .ibd files...
InnoDB: Restoring possible half-written data pages from the doublewrite
InnoDB: buffer...
160105 19:09:33  InnoDB: Starting log scan based on checkpoint at
InnoDB: log sequence number 0 43655.
InnoDB: Doing recovery: scanned up to log sequence number 0 43655
160105 19:09:33  InnoDB: Started; log sequence number 0 43655
160105 19:09:33 [Note] mysqld-nt.exe: ready for connections.
Version: '5.0.41-community-nt'  socket: ''  port: 3306  MySQL Community Edition (GPL)
